Fri 02 Feb 2018 11:54:19 WARNING log.py 26 54736 warn message
Fri 02 Feb 2018 11:54:19 ERROR log.py 27 54736 error message
Fri 02 Feb 2018 11:54:19 CRITICAL log.py 28 54736 critical message
Fri 02 Feb 2018 11:54:53 WARNING log.py 26 47004 warn message
Fri 02 Feb 2018 11:54:53 ERROR log.py 27 47004 error mesfasdsage
Fri 02 Feb 2018 11:54:53 CRITICAL log.py 28 47004 criticalfasdfasdfasdf message
Fri 02 Feb 2018 13:19:37 WARNING log.py 26 53672 warn message
Fri 02 Feb 2018 13:19:37 ERROR log.py 27 53672 error mesfasdsage
Fri 02 Feb 2018 13:19:37 CRITICAL log.py 28 53672 criticalfasdfasdfasdf message
Fri 02 Feb 2018 13:19:45 WARNING log.py 26 53724 warn message
Fri 02 Feb 2018 13:19:45 ERROR log.py 27 53724 error mesfasdsage
Fri 02 Feb 2018 13:19:45 CRITICAL log.py 28 53724 criticalfasdfasdfasdf message
Fri 02 Feb 2018 13:19:50 WARNING log.py 26 43132 warn message
Fri 02 Feb 2018 13:19:50 ERROR log.py 27 43132 error mesfasdsage
Fri 02 Feb 2018 13:19:50 CRITICAL log.py 28 43132 criticalfasdfasdfasdf message
Fri 02 Feb 2018 13:19:53 WARNING log.py 26 40408 warn message
Fri 02 Feb 2018 13:19:53 ERROR log.py 27 40408 error mesfasdsage
Fri 02 Feb 2018 13:19:53 CRITICAL log.py 28 40408 criticalfasdfasdfasdf message
Fri 02 Feb 2018 13:19:57 WARNING log.py 26 47152 warn message
Fri 02 Feb 2018 13:19:57 ERROR log.py 27 47152 error mesfasdsage
Fri 02 Feb 2018 13:19:57 CRITICAL log.py 28 47152 criticalfasdfasdfasdf message
